<?xml version="1.0" encoding="UTF-8"?>
<testsuite name="POC-Samples" tests="142" failures="6" skipped="0">
  <testcase classname="openapi.static" name="6connect/OpenAPIs/six_connect_resources.json" time="0.052">
  </testcase>
  <testcase classname="doc.static" name="6connect/README.md" time="0.0">
  </testcase>
  <testcase classname="golden_config.static" name="AWS/EC2/Golden Configurations/AWS - Security Group.json" time="0.0">
  </testcase>
  <testcase classname="project.static" name="AWS/EC2/Projects/AWS EC2.project.json" time="0.001">
  </testcase>
  <testcase classname="doc.static" name="AWS/EC2/README.md" time="0.0">
  </testcase>
  <testcase classname="automation.static" name="Alkira/Automations/Provision Cloud Application.json" time="0.0">
  </testcase>
  <testcase classname="project.static" name="Alkira/Projects/Alkira.project.json" time="0.002">
  </testcase>
  <testcase classname="doc.static" name="Alkira/README.md" time="0.0">
  </testcase>
  <testcase classname="doc.static" name="Alkira/UPGRADE_NOTES.md" time="0.0">
  </testcase>
  <testcase classname="automation.static" name="Apache/Kafka 2.x/Automations/Consume Message - Kafkav2 - Library - Example.json" time="0.0">
  </testcase>
  <testcase classname="project.static" name="Apache/Kafka 2.x/Projects/Apache Kafka 2.x.project.json" time="0.0">
  </testcase>
  <testcase classname="doc.static" name="Apache/Kafka 2.x/README.md" time="0.0">
  </testcase>
  <testcase classname="project.static" name="Arista/EOS/Projects/Arista EOS.project.json" time="0.001">
  </testcase>
  <testcase classname="doc.static" name="Arista/EOS/README.md" time="0.0">
  </testcase>
  <testcase classname="doc.static" name="Arista/EOS/UPGRADE_NOTES.md" time="0.0">
  </testcase>
  <testcase classname="openapi.static" name="Atlassian/Bitbucket/OpenAPIs/bitbucket_cloud_2.0.json" time="0.299">
  </testcase>
  <testcase classname="doc.static" name="Atlassian/Bitbucket/README.md" time="0.001">
  </testcase>
  <testcase classname="openapi.static" name="Atlassian/Confluence/OpenAPIs/confluence_cloud_1.0.0.json" time="0.133">
    <failure message="openapi_structural_error: openapi-spec-validator reported a violation; inspect the path above. If it is a known vendor quirk, downgrade to structural-lite (set OPENAPI_STRICT=0).">[PASS] json-parse: 
[PASS] spec-version: OpenAPI 3.0.1
[PASS] info: 
[PASS] operations: 174 operations
[FAIL] openapi-structural: ['current'] is not one of ['current', 'trashed', 'deleted', 'historical', 'draft', 'any']</failure>
  </testcase>
  <testcase classname="openapi.static" name="Atlassian/Confluence/OpenAPIs/confluence_cloud_2.0.0.json" time="0.163">
    <failure message="openapi_structural_error: openapi-spec-validator reported a violation; inspect the path above. If it is a known vendor quirk, downgrade to structural-lite (set OPENAPI_STRICT=0).">[PASS] json-parse: 
[PASS] spec-version: OpenAPI 3.0.3
[PASS] info: 
[PASS] operations: 172 operations
[FAIL] openapi-structural: 'my, team' is not one of ['my', 'team']</failure>
  </testcase>
  <testcase classname="openapi.static" name="Atlassian/Confluence/OpenAPIs/confluence_server_9.0.0.json" time="0.123">
  </testcase>
  <testcase classname="doc.static" name="Atlassian/Confluence/README.md" time="0.001">
  </testcase>
  <testcase classname="openapi.static" name="Atlassian/Jira/OpenAPIs/jira_cloud_2.0.0.json" time="0.382">
    <failure message="openapi_structural_error: openapi-spec-validator reported a violation; inspect the path above. If it is a known vendor quirk, downgrade to structural-lite (set OPENAPI_STRICT=0).">[PASS] json-parse: 
[PASS] spec-version: OpenAPI 3.0.1
[PASS] info: 
[PASS] operations: 541 operations
[FAIL] openapi-structural: '' is not one of ['PUBLISHED', 'ARCHIVED', 'DRAFT']</failure>
  </testcase>
  <testcase classname="openapi.static" name="Atlassian/Jira/OpenAPIs/jira_cloud_3.0.0.json" time="0.418">
    <failure message="openapi_structural_error: openapi-spec-validator reported a violation; inspect the path above. If it is a known vendor quirk, downgrade to structural-lite (set OPENAPI_STRICT=0).">[PASS] json-parse: 
[PASS] spec-version: OpenAPI 3.0.1
[PASS] info: 
[PASS] operations: 545 operations
[FAIL] openapi-structural: '' is not one of ['PUBLISHED', 'ARCHIVED', 'DRAFT']</failure>
  </testcase>
  <testcase classname="openapi.static" name="Atlassian/Jira/OpenAPIs/jira_server_10.0.0.json" time="0.299">
  </testcase>
  <testcase classname="project.static" name="Atlassian/Jira/Projects/Atlassian Jira.project.json" time="0.0">
  </testcase>
  <testcase classname="doc.static" name="Atlassian/Jira/README.md" time="0.0">
  </testcase>
  <testcase classname="doc.static" name="CODE_OF_CONDUCT.md" time="0.0">
  </testcase>
  <testcase classname="doc.static" name="CONTRIBUTING.md" time="0.0">
  </testcase>
  <testcase classname="project.static" name="Cisco/ASA/Projects/Cisco ASA.project.json" time="0.001">
  </testcase>
  <testcase classname="doc.static" name="Cisco/ASA/README.md" time="0.0">
  </testcase>
  <testcase classname="doc.static" name="Cisco/ASA/UPGRADE_NOTES.md" time="0.0">
  </testcase>
  <testcase classname="golden_config.static" name="Cisco/IOS/Golden Configurations/Cisco IOS - Jinja2.json" time="0.001">
  </testcase>
  <testcase classname="golden_config.static" name="Cisco/IOS/Golden Configurations/Cisco IOS - Lab.json" time="0.001">
  </testcase>
  <testcase classname="golden_config.static" name="Cisco/IOS/Golden Configurations/Cisco IOS - Simple.json" time="0.0">
  </testcase>
  <testcase classname="project.static" name="Cisco/IOS/Projects/Cisco IOS.project.json" time="0.001">
  </testcase>
  <testcase classname="doc.static" name="Cisco/IOS/README.md" time="0.0">
  </testcase>
  <testcase classname="openapi.static" name="Cisco/ISE/OpenAPIs/backup_restore_3.2.json" time="0.008">
  </testcase>
  <testcase classname="openapi.static" name="Cisco/ISE/OpenAPIs/certificates.json" time="0.037">
  </testcase>
  <testcase classname="openapi.static" name="Cisco/ISE/OpenAPIs/custom_atrributes_3.2.json" time="0.003">
  </testcase>
  <testcase classname="openapi.static" name="Cisco/ISE/OpenAPIs/dataconnect_3.2.json" time="0.004">
  </testcase>
  <testcase classname="openapi.static" name="Cisco/ISE/OpenAPIs/deployment_3.2.json" time="0.022">
  </testcase>
  <testcase classname="openapi.static" name="Cisco/ISE/OpenAPIs/duo_identity_sync_3.2.json" time="0.01">
  </testcase>
  <testcase classname="openapi.static" name="Cisco/ISE/OpenAPIs/endpoint_replication_3.2.json" time="0.002">
  </testcase>
  <testcase classname="openapi.static" name="Cisco/ISE/OpenAPIs/endpoints_3.2.json" time="0.011">
  </testcase>
  <testcase classname="openapi.static" name="Cisco/ISE/OpenAPIs/five_g_3.2.json" time="0.02">
  </testcase>
  <testcase classname="openapi.static" name="Cisco/ISE/OpenAPIs/ip_sec_3.2.json" time="0.013">
  </testcase>
  <testcase classname="openapi.static" name="Cisco/ISE/OpenAPIs/ise_license_3.2.json" time="0.009">
  </testcase>
  <testcase classname="openapi.static" name="Cisco/ISE/OpenAPIs/lsd_settings_3.2.json" time="0.001">
  </testcase>
  <testcase classname="openapi.static" name="Cisco/ISE/OpenAPIs/mfa_3.2.json" time="0.007">
  </testcase>
  <testcase classname="openapi.static" name="Cisco/ISE/OpenAPIs/network_device_3.2.json" time="0.017">
  </testcase>
  <testcase classname="openapi.static" name="Cisco/ISE/OpenAPIs/network_device_group_3.2.json" time="0.008">
  </testcase>
  <testcase classname="openapi.static" name="Cisco/ISE/OpenAPIs/node_3.2.json" time="0.006">
  </testcase>
  <testcase classname="openapi.static" name="Cisco/ISE/OpenAPIs/patch_3.2.json" time="0.007">
  </testcase>
  <testcase classname="openapi.static" name="Cisco/ISE/OpenAPIs/policy_3.2.json" time="0.111">
  </testcase>
  <testcase classname="openapi.static" name="Cisco/ISE/OpenAPIs/px_grid_3.2.json" time="0.01">
  </testcase>
  <testcase classname="openapi.static" name="Cisco/ISE/OpenAPIs/repository_3.2.json" time="0.009">
  </testcase>
  <testcase classname="openapi.static" name="Cisco/ISE/OpenAPIs/sgt_reservation_3.2.json" time="0.007">
  </testcase>
  <testcase classname="openapi.static" name="Cisco/ISE/OpenAPIs/system_settings_3.2.json" time="0.004">
  </testcase>
  <testcase classname="openapi.static" name="Cisco/ISE/OpenAPIs/task_service_3.2.json" time="0.002">
  </testcase>
  <testcase classname="openapi.static" name="Cisco/ISE/OpenAPIs/trust_sec_3.2.json" time="0.011">
  </testcase>
  <testcase classname="openapi.static" name="Cisco/ISE/OpenAPIs/upgrade_3.2.json" time="0.01">
  </testcase>
  <testcase classname="doc.static" name="Cisco/ISE/README.md" time="0.001">
  </testcase>
  <testcase classname="automation.static" name="Cisco/Meraki/Automations/Create Network and Claim Devices - Reset.json" time="0.0">
  </testcase>
  <testcase classname="automation.static" name="Cisco/Meraki/Automations/Create Network and Claim Devices.json" time="0.0">
  </testcase>
  <testcase classname="openapi.static" name="Cisco/Meraki/OpenAPIs/meraki_1.48.0.json" time="1.401">
  </testcase>
  <testcase classname="project.static" name="Cisco/Meraki/Projects/Cisco Meraki.project.json" time="0.001">
  </testcase>
  <testcase classname="doc.static" name="Cisco/Meraki/README.md" time="0.001">
  </testcase>
  <testcase classname="project.static" name="Cisco/NSO/Projects/Cisco NSO.project.json" time="0.0">
  </testcase>
  <testcase classname="doc.static" name="Cisco/NSO/README.md" time="0.0">
  </testcase>
  <testcase classname="project.static" name="Cisco/NX-OS/Projects/Cisco NX-OS.project.json" time="0.0">
  </testcase>
  <testcase classname="doc.static" name="Cisco/NX-OS/README.md" time="0.0">
  </testcase>
  <testcase classname="openapi.static" name="Cisco/PSIRT Open Vuln/OpenAPIs/psirt_open_vuln_2.0.1.json" time="0.043">
  </testcase>
  <testcase classname="doc.static" name="Cisco/PSIRT Open Vuln/README.md" time="0.0">
  </testcase>
  <testcase classname="automation.static" name="F5/BIG-IP/Automations/Create Pool and Virtual Server.json" time="0.0">
  </testcase>
  <testcase classname="project.static" name="F5/BIG-IP/Projects/F5 BIG-IP.project.json" time="0.0">
  </testcase>
  <testcase classname="doc.static" name="F5/BIG-IP/README.md" time="0.0">
  </testcase>
  <testcase classname="doc.static" name="F5/BIG-IP/UPGRADE_NOTES.md" time="0.0">
  </testcase>
  <testcase classname="project.static" name="F5/BIG-IQ/Projects/F5 BIG-IQ.project.json" time="0.002">
  </testcase>
  <testcase classname="doc.static" name="F5/BIG-IQ/README.md" time="0.0">
  </testcase>
  <testcase classname="openapi.static" name="GitHub/OpenAPIs/github_cloud_3.13.json" time="9.735">
  </testcase>
  <testcase classname="project.static" name="GitHub/Projects/GitHub.project.json" time="0.0">
  </testcase>
  <testcase classname="doc.static" name="GitHub/README.md" time="0.001">
  </testcase>
  <testcase classname="openapi.static" name="GitLab/OpenAPIs/cloud_4.json" time="0.009">
    <failure message="openapi_structural_error: openapi-spec-validator reported a violation; inspect the path above. If it is a known vendor quirk, downgrade to structural-lite (set OPENAPI_STRICT=0).">[PASS] json-parse: 
[PASS] spec-version: Swagger 2.0
[PASS] info: 
[PASS] operations: 1008 operations
[FAIL] openapi-structural: {'in': 'query', 'name': 'page', 'description': 'Current page number', 'type': 'integer', 'format': 'int32', 'default': 1, 'required': False, 'example': 1} is not valid under any of the given schemas</failure>
  </testcase>
  <testcase classname="project.static" name="GitLab/Projects/GitLab.project.json" time="0.001">
  </testcase>
  <testcase classname="doc.static" name="GitLab/README.md" time="0.0">
  </testcase>
  <testcase classname="project.static" name="IP Fabric/Projects/IP Fabric.project.json" time="0.0">
  </testcase>
  <testcase classname="doc.static" name="IP Fabric/README.md" time="0.0">
  </testcase>
  <testcase classname="openapi.static" name="Infoblox/NIOS DDI/OpenAPIs/infoblox_wapi_1.0.1.json" time="0.141">
  </testcase>
  <testcase classname="project.static" name="Infoblox/NIOS DDI/Projects/Infoblox NIOS DDI.project.json" time="0.001">
  </testcase>
  <testcase classname="doc.static" name="Infoblox/NIOS DDI/README.md" time="0.0">
  </testcase>
  <testcase classname="openapi.static" name="Infoblox/Threat Defense/OpenAPIs/threat_defense_v1.json" time="0.128">
    <failure message="openapi_structural_error: openapi-spec-validator reported a violation; inspect the path above. If it is a known vendor quirk, downgrade to structural-lite (set OPENAPI_STRICT=0).">[PASS] json-parse: 
[PASS] spec-version: Swagger 2.0
[PASS] info: 
[PASS] operations: 61 operations
[FAIL] openapi-structural: Path parameter 'policy_id' for 'post' operation in '/security_policy_migrations/{policy_id}' was not resolved</failure>
  </testcase>
  <testcase classname="doc.static" name="Infoblox/Threat Defense/README.md" time="0.001">
  </testcase>
  <testcase classname="openapi.static" name="Infoblox/Universal DDI/OpenAPIs/universal_ddi_v1.json" time="0.122">
  </testcase>
  <testcase classname="doc.static" name="Infoblox/Universal DDI/README.md" time="0.001">
  </testcase>
  <testcase classname="project.static" name="Itential/Platform/Projects/Itential Platform Configuration Management.project.json" time="0.001">
  </testcase>
  <testcase classname="project.static" name="Itential/Platform/Projects/Itential Platform Data Manipulation.project.json" time="0.002">
  </testcase>
  <testcase classname="project.static" name="Itential/Platform/Projects/Itential Platform Email.project.json" time="0.0">
  </testcase>
  <testcase classname="project.static" name="Itential/Platform/Projects/Itential Platform Regex Operations.project.json" time="0.0">
  </testcase>
  <testcase classname="project.static" name="Itential/Platform/Projects/Itential Platform Workflow Utilities.project.json" time="0.001">
  </testcase>
  <testcase classname="doc.static" name="Itential/Platform/README.md" time="0.0">
  </testcase>
  <testcase classname="doc.static" name="Itential/Platform/UPGRADE_NOTES.md" time="0.0">
  </testcase>
  <testcase classname="golden_config.static" name="Juniper/JUNOS/Golden Configurations/Juniper JUNOS set.json" time="0.001">
  </testcase>
  <testcase classname="golden_config.static" name="Juniper/JUNOS/Golden Configurations/Juniper JUNOS text - Jinja2.json" time="0.0">
  </testcase>
  <testcase classname="golden_config.static" name="Juniper/JUNOS/Golden Configurations/Juniper JUNOS text - Simple.json" time="0.0">
  </testcase>
  <testcase classname="project.static" name="Juniper/JUNOS/Projects/Juniper JUNOS.project.json" time="0.0">
  </testcase>
  <testcase classname="doc.static" name="Juniper/JUNOS/README.md" time="0.0">
  </testcase>
  <testcase classname="doc.static" name="Juniper/JUNOS/device-drivers/netconf-python/README.md" time="0.0">
  </testcase>
  <testcase classname="project.static" name="Kentik/Projects/Kentik.project.json" time="0.002">
  </testcase>
  <testcase classname="doc.static" name="Kentik/README.md" time="0.0">
  </testcase>
  <testcase classname="doc.static" name="Kentik/UPGRADE_NOTES.md" time="0.0">
  </testcase>
  <testcase classname="project.static" name="Microsoft/Teams/Projects/Microsoft Teams.project.json" time="0.0">
  </testcase>
  <testcase classname="doc.static" name="Microsoft/Teams/README.md" time="0.0">
  </testcase>
  <testcase classname="openapi.static" name="Nautobot/OpenAPIs/nautobot_2.4.json" time="16.311">
  </testcase>
  <testcase classname="doc.static" name="Nautobot/README.md" time="0.001">
  </testcase>
  <testcase classname="automation.static" name="NetBox/Automations/Onboard Device NetBox Branch.json" time="0.0">
  </testcase>
  <testcase classname="openapi.static" name="NetBox/OpenAPIs/netbox_4.1.json" time="5.0">
  </testcase>
  <testcase classname="project.static" name="NetBox/Projects/NetBox.project.json" time="0.002">
  </testcase>
  <testcase classname="doc.static" name="NetBox/README.md" time="0.0">
  </testcase>
  <testcase classname="openapi.static" name="New Relic/OpenAPIs/new_relic_v2.json" time="0.063">
  </testcase>
  <testcase classname="doc.static" name="New Relic/README.md" time="0.001">
  </testcase>
  <testcase classname="automation.static" name="Palo Alto/Panorama/Automations/Create Security Rule.json" time="0.0">
  </testcase>
  <testcase classname="project.static" name="Palo Alto/Panorama/Projects/Palo Alto Panorama.project.json" time="0.001">
  </testcase>
  <testcase classname="doc.static" name="Palo Alto/Panorama/README.md" time="0.0">
  </testcase>
  <testcase classname="doc.static" name="README.md" time="0.0">
  </testcase>
  <testcase classname="doc.static" name="Ruckus/Fastiron/device-drivers/netmiko-python/README.md" time="0.0">
  </testcase>
  <testcase classname="openapi.static" name="Selector/OpenAPIs/selector_metastore_inventory_v1.json" time="0.023">
  </testcase>
  <testcase classname="openapi.static" name="Selector/OpenAPIs/selector_query_v1.json" time="0.009">
  </testcase>
  <testcase classname="doc.static" name="Selector/README.md" time="0.0">
  </testcase>
  <testcase classname="openapi.static" name="ServiceNow/OpenAPIs/sn_chg_rest_change_management_1.json" time="0.013">
  </testcase>
  <testcase classname="openapi.static" name="ServiceNow/OpenAPIs/sn_chg_rest_change_management_latest.json" time="0.013">
  </testcase>
  <testcase classname="openapi.static" name="ServiceNow/OpenAPIs/table_2.json" time="0.008">
  </testcase>
  <testcase classname="openapi.static" name="ServiceNow/OpenAPIs/table_latest.json" time="0.008">
  </testcase>
  <testcase classname="openapi.static" name="ServiceNow/OpenAPIs/x_itent_services_itential_latest.json" time="0.001">
  </testcase>
  <testcase classname="project.static" name="ServiceNow/Projects/ServiceNow.project.json" time="0.001">
  </testcase>
  <testcase classname="doc.static" name="ServiceNow/README.md" time="0.0">
  </testcase>
  <testcase classname="openapi.static" name="Sonatype/Nexus/OpenAPIs/nexus_3.69.0-02.json" time="0.161">
  </testcase>
  <testcase classname="doc.static" name="Sonatype/Nexus/README.md" time="0.0">
  </testcase>
  <testcase classname="doc.static" name="UPGRADE_PLAN.md" time="0.001">
  </testcase>
  <testcase classname="project.static" name="Versa/Director/Projects/Versa Director.project.json" time="0.001">
  </testcase>
  <testcase classname="doc.static" name="Versa/Director/README.md" time="0.0">
  </testcase>
  <testcase classname="iag5_driver.static" name="Juniper/JUNOS/device-drivers/netconf-python" time="0.015">
  </testcase>
  <testcase classname="iag5_driver.static" name="Ruckus/Fastiron/device-drivers/netmiko-python" time="0.009">
  </testcase>
</testsuite>