<?xml version="1.0" encoding="UTF-8"?>
<testsuite name="POC-Samples" tests="93" failures="0" skipped="0">
  <testcase classname="openapi.live" name="6connect/OpenAPIs/six_connect_resources.json" time="0.0">
  </testcase>
  <testcase classname="golden_config.live" name="AWS/EC2/Golden Configurations/AWS - Security Group.json" time="0.0">
  </testcase>
  <testcase classname="project.live" name="AWS/EC2/Projects/AWS EC2.project.json" time="0.0">
  </testcase>
  <testcase classname="automation.live" name="Alkira/Automations/Provision Cloud Application.json" time="0.0">
  </testcase>
  <testcase classname="project.live" name="Alkira/Projects/Alkira.project.json" time="0.0">
  </testcase>
  <testcase classname="automation.live" name="Apache/Kafka 2.x/Automations/Consume Message - Kafkav2 - Library - Example.json" time="0.0">
  </testcase>
  <testcase classname="project.live" name="Apache/Kafka 2.x/Projects/Apache Kafka 2.x.project.json" time="0.0">
  </testcase>
  <testcase classname="project.live" name="Arista/EOS/Projects/Arista EOS.project.json" time="0.0">
  </testcase>
  <testcase classname="openapi.live" name="Atlassian/Bitbucket/OpenAPIs/bitbucket_cloud_2.0.json" time="0.0">
  </testcase>
  <testcase classname="openapi.live" name="Atlassian/Confluence/OpenAPIs/confluence_cloud_1.0.0.json" time="0.0">
  </testcase>
  <testcase classname="openapi.live" name="Atlassian/Confluence/OpenAPIs/confluence_cloud_2.0.0.json" time="0.0">
  </testcase>
  <testcase classname="openapi.live" name="Atlassian/Confluence/OpenAPIs/confluence_server_9.0.0.json" time="0.0">
  </testcase>
  <testcase classname="openapi.live" name="Atlassian/Jira/OpenAPIs/jira_cloud_2.0.0.json" time="0.0">
  </testcase>
  <testcase classname="openapi.live" name="Atlassian/Jira/OpenAPIs/jira_cloud_3.0.0.json" time="0.0">
  </testcase>
  <testcase classname="openapi.live" name="Atlassian/Jira/OpenAPIs/jira_server_10.0.0.json" time="0.0">
  </testcase>
  <testcase classname="project.live" name="Atlassian/Jira/Projects/Atlassian Jira.project.json" time="0.0">
  </testcase>
  <testcase classname="project.live" name="Cisco/ASA/Projects/Cisco ASA.project.json" time="0.0">
  </testcase>
  <testcase classname="golden_config.live" name="Cisco/IOS/Golden Configurations/Cisco IOS - Jinja2.json" time="0.0">
  </testcase>
  <testcase classname="golden_config.live" name="Cisco/IOS/Golden Configurations/Cisco IOS - Lab.json" time="0.0">
  </testcase>
  <testcase classname="golden_config.live" name="Cisco/IOS/Golden Configurations/Cisco IOS - Simple.json" time="0.0">
  </testcase>
  <testcase classname="project.live" name="Cisco/IOS/Projects/Cisco IOS.project.json" time="0.0">
  </testcase>
  <testcase classname="openapi.live" name="Cisco/ISE/OpenAPIs/backup_restore_3.2.json" time="0.0">
  </testcase>
  <testcase classname="openapi.live" name="Cisco/ISE/OpenAPIs/certificates.json" time="0.0">
  </testcase>
  <testcase classname="openapi.live" name="Cisco/ISE/OpenAPIs/custom_atrributes_3.2.json" time="0.0">
  </testcase>
  <testcase classname="openapi.live" name="Cisco/ISE/OpenAPIs/dataconnect_3.2.json" time="0.0">
  </testcase>
  <testcase classname="openapi.live" name="Cisco/ISE/OpenAPIs/deployment_3.2.json" time="0.0">
  </testcase>
  <testcase classname="openapi.live" name="Cisco/ISE/OpenAPIs/duo_identity_sync_3.2.json" time="0.0">
  </testcase>
  <testcase classname="openapi.live" name="Cisco/ISE/OpenAPIs/endpoint_replication_3.2.json" time="0.0">
  </testcase>
  <testcase classname="openapi.live" name="Cisco/ISE/OpenAPIs/endpoints_3.2.json" time="0.0">
  </testcase>
  <testcase classname="openapi.live" name="Cisco/ISE/OpenAPIs/five_g_3.2.json" time="0.0">
  </testcase>
  <testcase classname="openapi.live" name="Cisco/ISE/OpenAPIs/ip_sec_3.2.json" time="0.0">
  </testcase>
  <testcase classname="openapi.live" name="Cisco/ISE/OpenAPIs/ise_license_3.2.json" time="0.0">
  </testcase>
  <testcase classname="openapi.live" name="Cisco/ISE/OpenAPIs/lsd_settings_3.2.json" time="0.0">
  </testcase>
  <testcase classname="openapi.live" name="Cisco/ISE/OpenAPIs/mfa_3.2.json" time="0.0">
  </testcase>
  <testcase classname="openapi.live" name="Cisco/ISE/OpenAPIs/network_device_3.2.json" time="0.0">
  </testcase>
  <testcase classname="openapi.live" name="Cisco/ISE/OpenAPIs/network_device_group_3.2.json" time="0.0">
  </testcase>
  <testcase classname="openapi.live" name="Cisco/ISE/OpenAPIs/node_3.2.json" time="0.0">
  </testcase>
  <testcase classname="openapi.live" name="Cisco/ISE/OpenAPIs/patch_3.2.json" time="0.0">
  </testcase>
  <testcase classname="openapi.live" name="Cisco/ISE/OpenAPIs/policy_3.2.json" time="0.0">
  </testcase>
  <testcase classname="openapi.live" name="Cisco/ISE/OpenAPIs/px_grid_3.2.json" time="0.0">
  </testcase>
  <testcase classname="openapi.live" name="Cisco/ISE/OpenAPIs/repository_3.2.json" time="0.0">
  </testcase>
  <testcase classname="openapi.live" name="Cisco/ISE/OpenAPIs/sgt_reservation_3.2.json" time="0.0">
  </testcase>
  <testcase classname="openapi.live" name="Cisco/ISE/OpenAPIs/system_settings_3.2.json" time="0.0">
  </testcase>
  <testcase classname="openapi.live" name="Cisco/ISE/OpenAPIs/task_service_3.2.json" time="0.0">
  </testcase>
  <testcase classname="openapi.live" name="Cisco/ISE/OpenAPIs/trust_sec_3.2.json" time="0.0">
  </testcase>
  <testcase classname="openapi.live" name="Cisco/ISE/OpenAPIs/upgrade_3.2.json" time="0.0">
  </testcase>
  <testcase classname="automation.live" name="Cisco/Meraki/Automations/Create Network and Claim Devices - Reset.json" time="0.0">
  </testcase>
  <testcase classname="automation.live" name="Cisco/Meraki/Automations/Create Network and Claim Devices.json" time="0.0">
  </testcase>
  <testcase classname="openapi.live" name="Cisco/Meraki/OpenAPIs/meraki_1.48.0.json" time="0.0">
  </testcase>
  <testcase classname="project.live" name="Cisco/Meraki/Projects/Cisco Meraki.project.json" time="0.0">
  </testcase>
  <testcase classname="project.live" name="Cisco/NSO/Projects/Cisco NSO.project.json" time="0.0">
  </testcase>
  <testcase classname="project.live" name="Cisco/NX-OS/Projects/Cisco NX-OS.project.json" time="0.0">
  </testcase>
  <testcase classname="openapi.live" name="Cisco/PSIRT Open Vuln/OpenAPIs/psirt_open_vuln_2.0.1.json" time="0.0">
  </testcase>
  <testcase classname="automation.live" name="F5/BIG-IP/Automations/Create Pool and Virtual Server.json" time="0.0">
  </testcase>
  <testcase classname="project.live" name="F5/BIG-IP/Projects/F5 BIG-IP.project.json" time="0.0">
  </testcase>
  <testcase classname="project.live" name="F5/BIG-IQ/Projects/F5 BIG-IQ.project.json" time="0.0">
  </testcase>
  <testcase classname="openapi.live" name="GitHub/OpenAPIs/github_cloud_3.13.json" time="0.0">
  </testcase>
  <testcase classname="project.live" name="GitHub/Projects/GitHub.project.json" time="0.0">
  </testcase>
  <testcase classname="openapi.live" name="GitLab/OpenAPIs/cloud_4.json" time="0.0">
  </testcase>
  <testcase classname="project.live" name="GitLab/Projects/GitLab.project.json" time="0.0">
  </testcase>
  <testcase classname="project.live" name="IP Fabric/Projects/IP Fabric.project.json" time="0.0">
  </testcase>
  <testcase classname="openapi.live" name="Infoblox/NIOS DDI/OpenAPIs/infoblox_wapi_1.0.1.json" time="0.0">
  </testcase>
  <testcase classname="project.live" name="Infoblox/NIOS DDI/Projects/Infoblox NIOS DDI.project.json" time="0.0">
  </testcase>
  <testcase classname="openapi.live" name="Infoblox/Threat Defense/OpenAPIs/threat_defense_v1.json" time="0.0">
  </testcase>
  <testcase classname="openapi.live" name="Infoblox/Universal DDI/OpenAPIs/universal_ddi_v1.json" time="0.0">
  </testcase>
  <testcase classname="project.live" name="Itential/Platform/Projects/Itential Platform Configuration Management.project.json" time="0.0">
  </testcase>
  <testcase classname="project.live" name="Itential/Platform/Projects/Itential Platform Data Manipulation.project.json" time="0.0">
  </testcase>
  <testcase classname="project.live" name="Itential/Platform/Projects/Itential Platform Email.project.json" time="0.0">
  </testcase>
  <testcase classname="project.live" name="Itential/Platform/Projects/Itential Platform Regex Operations.project.json" time="0.0">
  </testcase>
  <testcase classname="project.live" name="Itential/Platform/Projects/Itential Platform Workflow Utilities.project.json" time="0.0">
  </testcase>
  <testcase classname="golden_config.live" name="Juniper/JUNOS/Golden Configurations/Juniper JUNOS set.json" time="0.0">
  </testcase>
  <testcase classname="golden_config.live" name="Juniper/JUNOS/Golden Configurations/Juniper JUNOS text - Jinja2.json" time="0.0">
  </testcase>
  <testcase classname="golden_config.live" name="Juniper/JUNOS/Golden Configurations/Juniper JUNOS text - Simple.json" time="0.0">
  </testcase>
  <testcase classname="project.live" name="Juniper/JUNOS/Projects/Juniper JUNOS.project.json" time="0.0">
  </testcase>
  <testcase classname="project.live" name="Kentik/Projects/Kentik.project.json" time="0.0">
  </testcase>
  <testcase classname="project.live" name="Microsoft/Teams/Projects/Microsoft Teams.project.json" time="0.0">
  </testcase>
  <testcase classname="openapi.live" name="Nautobot/OpenAPIs/nautobot_2.4.json" time="0.0">
  </testcase>
  <testcase classname="automation.live" name="NetBox/Automations/Onboard Device NetBox Branch.json" time="0.0">
  </testcase>
  <testcase classname="openapi.live" name="NetBox/OpenAPIs/netbox_4.1.json" time="0.0">
  </testcase>
  <testcase classname="project.live" name="NetBox/Projects/NetBox.project.json" time="0.0">
  </testcase>
  <testcase classname="openapi.live" name="New Relic/OpenAPIs/new_relic_v2.json" time="0.0">
  </testcase>
  <testcase classname="automation.live" name="Palo Alto/Panorama/Automations/Create Security Rule.json" time="0.0">
  </testcase>
  <testcase classname="project.live" name="Palo Alto/Panorama/Projects/Palo Alto Panorama.project.json" time="0.0">
  </testcase>
  <testcase classname="openapi.live" name="Selector/OpenAPIs/selector_metastore_inventory_v1.json" time="0.0">
  </testcase>
  <testcase classname="openapi.live" name="Selector/OpenAPIs/selector_query_v1.json" time="0.0">
  </testcase>
  <testcase classname="openapi.live" name="ServiceNow/OpenAPIs/sn_chg_rest_change_management_1.json" time="0.0">
  </testcase>
  <testcase classname="openapi.live" name="ServiceNow/OpenAPIs/sn_chg_rest_change_management_latest.json" time="0.0">
  </testcase>
  <testcase classname="openapi.live" name="ServiceNow/OpenAPIs/table_2.json" time="0.0">
  </testcase>
  <testcase classname="openapi.live" name="ServiceNow/OpenAPIs/table_latest.json" time="0.0">
  </testcase>
  <testcase classname="openapi.live" name="ServiceNow/OpenAPIs/x_itent_services_itential_latest.json" time="0.0">
  </testcase>
  <testcase classname="project.live" name="ServiceNow/Projects/ServiceNow.project.json" time="0.0">
  </testcase>
  <testcase classname="openapi.live" name="Sonatype/Nexus/OpenAPIs/nexus_3.69.0-02.json" time="0.0">
  </testcase>
  <testcase classname="project.live" name="Versa/Director/Projects/Versa Director.project.json" time="0.0">
  </testcase>
</testsuite>